# Logfile created on 2013-12-04 16:39:31 +0530 by logger.rb/31641
D, [2013-12-04T16:39:31.715958 #6368] DEBUG -- : REQUESTING PAGE: GET / with {} and HTTP headers {}
D, [2013-12-04T16:39:42.597580 #3168] DEBUG -- : REQUESTING PAGE: GET / with {} and HTTP headers {}
D, [2013-12-04T16:39:53.653212 #8904] DEBUG -- : REQUESTING PAGE: GET / with {} and HTTP headers {}
D, [2013-12-04T16:40:04.347824 #8876] DEBUG -- : REQUESTING PAGE: GET / with {} and HTTP headers {}
D, [2013-12-04T16:40:15.576466 #6804] DEBUG -- : REQUESTING PAGE: GET / with {} and HTTP headers {}
D, [2013-12-04T16:40:26.480090 #4928] DEBUG -- : REQUESTING PAGE: GET / with {} and HTTP headers {}
D, [2013-12-04T16:40:37.786737 #5260] DEBUG -- : REQUESTING PAGE: GET / with {} and HTTP headers {}
D, [2013-12-04T16:40:48.459347 #9248] DEBUG -- : REQUESTING PAGE: GET / with {} and HTTP headers {}
D, [2013-12-04T16:40:59.021951 #3404] DEBUG -- : REQUESTING PAGE: GET / with {} and HTTP headers {}
D, [2013-12-04T16:41:09.615557 #8124] DEBUG -- : REQUESTING PAGE: GET / with {} and HTTP headers {}
D, [2013-12-04T16:41:20.162160 #6020] DEBUG -- : REQUESTING PAGE: GET / with {} and HTTP headers {}
D, [2013-12-04T16:41:30.611758 #9496] DEBUG -- : REQUESTING PAGE: GET / with {} and HTTP headers {}
D, [2013-12-04T16:41:41.394375 #9424] DEBUG -- : REQUESTING PAGE: GET / with {} and HTTP headers {}
D, [2013-12-04T16:41:52.285998 #6220] DEBUG -- : REQUESTING PAGE: GET / with {} and HTTP headers {}
D, [2013-12-04T16:42:02.642590 #5012] DEBUG -- : REQUESTING PAGE: GET / with {} and HTTP headers {}
D, [2013-12-04T16:42:13.171192 #9880] DEBUG -- : REQUESTING PAGE: GET / with {} and HTTP headers {}
D, [2013-12-04T16:42:23.742797 #2052] DEBUG -- : REQUESTING PAGE: GET / with {} and HTTP headers {}
D, [2013-12-04T16:42:33.990383 #6696] DEBUG -- : REQUESTING PAGE: GET / with {} and HTTP headers {}
D, [2013-12-04T16:42:44.939009 #680] DEBUG -- : REQUESTING PAGE: GET / with {} and HTTP headers {}
D, [2013-12-04T16:42:56.126649 #9080] DEBUG -- : REQUESTING PAGE: GET / with {} and HTTP headers {}
D, [2013-12-04T16:43:07.454297 #5648] DEBUG -- : REQUESTING PAGE: GET / with {} and HTTP headers {}
D, [2013-12-04T16:43:18.161910 #8836] DEBUG -- : REQUESTING PAGE: GET / with {} and HTTP headers {}
D, [2013-12-04T16:43:28.846521 #3168] DEBUG -- : REQUESTING PAGE: GET / with {} and HTTP headers {}
D, [2013-12-04T16:43:39.622137 #5532] DEBUG -- : REQUESTING PAGE: GET / with {} and HTTP headers {}
D, [2013-12-04T16:43:50.176741 #4456] DEBUG -- : REQUESTING PAGE: GET / with {} and HTTP headers {}
D, [2013-12-04T16:44:01.204372 #1716] DEBUG -- : REQUESTING PAGE: GET / with {} and HTTP headers {}
D, [2013-12-04T16:44:12.004989 #5628] DEBUG -- : REQUESTING PAGE: GET / with {} and HTTP headers {}
D, [2013-12-04T16:44:22.982617 #7620] DEBUG -- : REQUESTING PAGE: GET / with {} and HTTP headers {}
D, [2013-12-04T16:44:33.832238 #8092] DEBUG -- : REQUESTING PAGE: GET / with {} and HTTP headers {}
D, [2013-12-04T16:44:44.829867 #3848] DEBUG -- : REQUESTING PAGE: GET / with {} and HTTP headers {}
D, [2013-12-04T16:44:55.342468 #9612] DEBUG -- : REQUESTING PAGE: GET / with {} and HTTP headers {}
D, [2013-12-04T16:45:05.941074 #8592] DEBUG -- : REQUESTING PAGE: GET / with {} and HTTP headers {}
D, [2013-12-04T16:45:16.653687 #9916] DEBUG -- : REQUESTING PAGE: GET / with {} and HTTP headers {}
D, [2013-12-04T16:45:26.747264 #9956] DEBUG -- : REQUESTING PAGE: GET / with {} and HTTP headers {}
D, [2013-12-04T16:45:37.271866 #9300] DEBUG -- : REQUESTING PAGE: GET / with {} and HTTP headers {}
D, [2013-12-04T16:45:47.705463 #6044] DEBUG -- : REQUESTING PAGE: GET / with {} and HTTP headers {}
D, [2013-12-04T16:45:47.869472 #6044] DEBUG -- : REQUESTING PAGE: GET /about with {} and HTTP headers {"HTTP_REFERER"=>"/"}
D, [2013-12-04T16:45:47.899474 #6044] DEBUG -- : REQUESTING PAGE: GET /contact with {} and HTTP headers {"HTTP_REFERER"=>"/about"}
D, [2013-12-04T16:45:47.928476 #6044] DEBUG -- : REQUESTING PAGE: GET / with {} and HTTP headers {"HTTP_REFERER"=>"/contact"}
D, [2013-12-04T16:45:58.433077 #8432] DEBUG -- : REQUESTING PAGE: GET / with {} and HTTP headers {}
D, [2013-12-04T16:45:58.491080 #8432] DEBUG -- : REQUESTING PAGE: GET /about with {} and HTTP headers {"HTTP_REFERER"=>"/"}
D, [2013-12-04T16:45:58.516081 #8432] DEBUG -- : REQUESTING PAGE: GET /contact with {} and HTTP headers {"HTTP_REFERER"=>"/about"}
D, [2013-12-04T16:45:58.542083 #8432] DEBUG -- : REQUESTING PAGE: GET / with {} and HTTP headers {"HTTP_REFERER"=>"/contact"}
D, [2013-12-04T16:46:09.518711 #9288] DEBUG -- : REQUESTING PAGE: GET / with {} and HTTP headers {}
D, [2013-12-04T16:46:09.547712 #9288] DEBUG -- : REQUESTING PAGE: GET /about with {} and HTTP headers {"HTTP_REFERER"=>"/"}
D, [2013-12-04T16:46:09.601715 #9288] DEBUG -- : REQUESTING PAGE: GET /contact with {} and HTTP headers {"HTTP_REFERER"=>"/about"}
D, [2013-12-04T16:46:09.629717 #9288] DEBUG -- : REQUESTING PAGE: GET / with {} and HTTP headers {"HTTP_REFERER"=>"/contact"}
D, [2013-12-04T16:46:20.101316 #9460] DEBUG -- : REQUESTING PAGE: GET / with {} and HTTP headers {}
D, [2013-12-04T16:46:20.158319 #9460] DEBUG -- : REQUESTING PAGE: GET /about with {} and HTTP headers {"HTTP_REFERER"=>"/"}
D, [2013-12-04T16:46:20.185321 #9460] DEBUG -- : REQUESTING PAGE: GET /contact with {} and HTTP headers {"HTTP_REFERER"=>"/about"}
D, [2013-12-04T16:46:20.209322 #9460] DEBUG -- : REQUESTING PAGE: GET / with {} and HTTP headers {"HTTP_REFERER"=>"/contact"}
D, [2013-12-04T16:46:20.235324 #9460] DEBUG -- : REQUESTING PAGE: GET /signup with {} and HTTP headers {"HTTP_REFERER"=>"/"}
D, [2013-12-04T16:46:30.386904 #10080] DEBUG -- : REQUESTING PAGE: GET / with {} and HTTP headers {}
D, [2013-12-04T16:46:30.413906 #10080] DEBUG -- : REQUESTING PAGE: GET /about with {} and HTTP headers {"HTTP_REFERER"=>"/"}
D, [2013-12-04T16:46:30.438907 #10080] DEBUG -- : REQUESTING PAGE: GET /contact with {} and HTTP headers {"HTTP_REFERER"=>"/about"}
D, [2013-12-04T16:46:30.464909 #10080] DEBUG -- : REQUESTING PAGE: GET / with {} and HTTP headers {"HTTP_REFERER"=>"/contact"}
D, [2013-12-04T16:46:30.521912 #10080] DEBUG -- : REQUESTING PAGE: GET /signup with {} and HTTP headers {"HTTP_REFERER"=>"/"}
D, [2013-12-04T16:46:40.568487 #8776] DEBUG -- : REQUESTING PAGE: GET / with {} and HTTP headers {}
D, [2013-12-04T16:46:40.627490 #8776] DEBUG -- : REQUESTING PAGE: GET /about with {} and HTTP headers {"HTTP_REFERER"=>"/"}
D, [2013-12-04T16:46:40.653492 #8776] DEBUG -- : REQUESTING PAGE: GET /contact with {} and HTTP headers {"HTTP_REFERER"=>"/about"}
D, [2013-12-04T16:46:40.679493 #8776] DEBUG -- : REQUESTING PAGE: GET / with {} and HTTP headers {"HTTP_REFERER"=>"/contact"}
D, [2013-12-04T16:46:40.704494 #8776] DEBUG -- : REQUESTING PAGE: GET /signup with {} and HTTP headers {"HTTP_REFERER"=>"/"}
D, [2013-12-04T16:46:50.744069 #9200] DEBUG -- : REQUESTING PAGE: GET / with {} and HTTP headers {}
D, [2013-12-04T16:46:50.905078 #9200] DEBUG -- : REQUESTING PAGE: GET /about with {} and HTTP headers {"HTTP_REFERER"=>"/"}
D, [2013-12-04T16:46:50.934080 #9200] DEBUG -- : REQUESTING PAGE: GET /contact with {} and HTTP headers {"HTTP_REFERER"=>"/about"}
D, [2013-12-04T16:46:50.962081 #9200] DEBUG -- : REQUESTING PAGE: GET / with {} and HTTP headers {"HTTP_REFERER"=>"/contact"}
D, [2013-12-04T16:46:51.018084 #9200] DEBUG -- : REQUESTING PAGE: GET /signup with {} and HTTP headers {"HTTP_REFERER"=>"/"}
D, [2013-12-04T16:47:01.279671 #7072] DEBUG -- : REQUESTING PAGE: GET / with {} and HTTP headers {}
D, [2013-12-04T16:47:01.304673 #7072] DEBUG -- : REQUESTING PAGE: GET /about with {} and HTTP headers {"HTTP_REFERER"=>"/"}
D, [2013-12-04T16:47:01.330674 #7072] DEBUG -- : REQUESTING PAGE: GET /contact with {} and HTTP headers {"HTTP_REFERER"=>"/about"}
D, [2013-12-04T16:47:01.355676 #7072] DEBUG -- : REQUESTING PAGE: GET / with {} and HTTP headers {"HTTP_REFERER"=>"/contact"}
D, [2013-12-04T16:47:01.380677 #7072] DEBUG -- : REQUESTING PAGE: GET /signup with {} and HTTP headers {"HTTP_REFERER"=>"/"}
D, [2013-12-04T16:47:12.136292 #8392] DEBUG -- : REQUESTING PAGE: GET / with {} and HTTP headers {}
D, [2013-12-04T16:47:12.162294 #8392] DEBUG -- : REQUESTING PAGE: GET /about with {} and HTTP headers {"HTTP_REFERER"=>"/"}
D, [2013-12-04T16:47:12.186295 #8392] DEBUG -- : REQUESTING PAGE: GET /contact with {} and HTTP headers {"HTTP_REFERER"=>"/about"}
D, [2013-12-04T16:47:12.211297 #8392] DEBUG -- : REQUESTING PAGE: GET / with {} and HTTP headers {"HTTP_REFERER"=>"/contact"}
D, [2013-12-04T16:47:12.265300 #8392] DEBUG -- : REQUESTING PAGE: GET /signup with {} and HTTP headers {"HTTP_REFERER"=>"/"}
D, [2013-12-04T16:47:22.606891 #9892] DEBUG -- : REQUESTING PAGE: GET / with {} and HTTP headers {}
D, [2013-12-04T16:47:22.633893 #9892] DEBUG -- : REQUESTING PAGE: GET /about with {} and HTTP headers {"HTTP_REFERER"=>"/"}
D, [2013-12-04T16:47:22.657894 #9892] DEBUG -- : REQUESTING PAGE: GET /contact with {} and HTTP headers {"HTTP_REFERER"=>"/about"}
D, [2013-12-04T16:47:22.683896 #9892] DEBUG -- : REQUESTING PAGE: GET / with {} and HTTP headers {"HTTP_REFERER"=>"/contact"}
D, [2013-12-04T16:47:22.743899 #9892] DEBUG -- : REQUESTING PAGE: GET /signup with {} and HTTP headers {"HTTP_REFERER"=>"/"}
D, [2013-12-04T17:28:56.468532 #4628] DEBUG -- : REQUESTING PAGE: GET / with {} and HTTP headers {}
D, [2013-12-04T17:28:56.492533 #4628] DEBUG -- : REQUESTING PAGE: GET /about with {} and HTTP headers {"HTTP_REFERER"=>"/"}
D, [2013-12-04T17:28:56.517535 #4628] DEBUG -- : REQUESTING PAGE: GET /contact with {} and HTTP headers {"HTTP_REFERER"=>"/about"}
D, [2013-12-04T17:28:56.543536 #4628] DEBUG -- : REQUESTING PAGE: GET / with {} and HTTP headers {"HTTP_REFERER"=>"/contact"}
D, [2013-12-04T17:28:56.599539 #4628] DEBUG -- : REQUESTING PAGE: GET /signup with {} and HTTP headers {"HTTP_REFERER"=>"/"}
D, [2013-12-04T17:29:16.469676 #8996] DEBUG -- : REQUESTING PAGE: GET / with {} and HTTP headers {}
D, [2013-12-04T17:29:16.641686 #8996] DEBUG -- : REQUESTING PAGE: GET /about with {} and HTTP headers {"HTTP_REFERER"=>"/"}
D, [2013-12-04T17:29:16.670687 #8996] DEBUG -- : REQUESTING PAGE: GET /contact with {} and HTTP headers {"HTTP_REFERER"=>"/about"}
D, [2013-12-04T17:29:16.700689 #8996] DEBUG -- : REQUESTING PAGE: GET / with {} and HTTP headers {"HTTP_REFERER"=>"/contact"}
D, [2013-12-04T17:29:16.755692 #8996] DEBUG -- : REQUESTING PAGE: GET /signup with {} and HTTP headers {"HTTP_REFERER"=>"/"}
D, [2013-12-04T17:32:04.824305 #7368] DEBUG -- : REQUESTING PAGE: GET / with {} and HTTP headers {}
D, [2013-12-04T17:32:05.664353 #7368] DEBUG -- : REQUESTING PAGE: GET /about with {} and HTTP headers {"HTTP_REFERER"=>"/"}
D, [2013-12-04T17:32:05.693355 #7368] DEBUG -- : REQUESTING PAGE: GET /contact with {} and HTTP headers {"HTTP_REFERER"=>"/about"}
D, [2013-12-04T17:32:05.720356 #7368] DEBUG -- : REQUESTING PAGE: GET / with {} and HTTP headers {"HTTP_REFERER"=>"/contact"}
D, [2013-12-04T17:32:05.751358 #7368] DEBUG -- : REQUESTING PAGE: GET /signup with {} and HTTP headers {"HTTP_REFERER"=>"/"}
D, [2013-12-04T19:58:59.795493 #7460] DEBUG -- : REQUESTING PAGE: GET / with {} and HTTP headers {}
D, [2013-12-04T19:58:59.833495 #7460] DEBUG -- : REQUESTING PAGE: GET /about with {} and HTTP headers {"HTTP_REFERER"=>"/"}
D, [2013-12-04T19:58:59.859496 #7460] DEBUG -- : REQUESTING PAGE: GET /contact with {} and HTTP headers {"HTTP_REFERER"=>"/about"}
D, [2013-12-04T19:58:59.885498 #7460] DEBUG -- : REQUESTING PAGE: GET / with {} and HTTP headers {"HTTP_REFERER"=>"/contact"}
D, [2013-12-04T19:58:59.911499 #7460] DEBUG -- : REQUESTING PAGE: GET /signup with {} and HTTP headers {"HTTP_REFERER"=>"/"}
D, [2013-12-04T19:59:10.401099 #3644] DEBUG -- : REQUESTING PAGE: GET / with {} and HTTP headers {}
D, [2013-12-04T19:59:10.566109 #3644] DEBUG -- : REQUESTING PAGE: GET /about with {} and HTTP headers {"HTTP_REFERER"=>"/"}
D, [2013-12-04T19:59:10.594110 #3644] DEBUG -- : REQUESTING PAGE: GET /contact with {} and HTTP headers {"HTTP_REFERER"=>"/about"}
D, [2013-12-04T19:59:10.623112 #3644] DEBUG -- : REQUESTING PAGE: GET / with {} and HTTP headers {"HTTP_REFERER"=>"/contact"}
D, [2013-12-04T19:59:10.649114 #3644] DEBUG -- : REQUESTING PAGE: GET /signup with {} and HTTP headers {"HTTP_REFERER"=>"/"}
D, [2013-12-04T20:04:11.085297 #3844] DEBUG -- : REQUESTING PAGE: GET / with {} and HTTP headers {}
D, [2013-12-04T20:04:11.259307 #3844] DEBUG -- : REQUESTING PAGE: GET /about with {} and HTTP headers {"HTTP_REFERER"=>"/"}
D, [2013-12-04T20:04:11.289309 #3844] DEBUG -- : REQUESTING PAGE: GET /contact with {} and HTTP headers {"HTTP_REFERER"=>"/about"}
D, [2013-12-04T20:04:11.321311 #3844] DEBUG -- : REQUESTING PAGE: GET / with {} and HTTP headers {"HTTP_REFERER"=>"/contact"}
D, [2013-12-04T20:04:11.348313 #3844] DEBUG -- : REQUESTING PAGE: GET /signup with {} and HTTP headers {"HTTP_REFERER"=>"/"}
D, [2013-12-04T20:30:20.230047 #4520] DEBUG -- : REQUESTING PAGE: GET / with {} and HTTP headers {}
D, [2013-12-04T20:30:20.273050 #4520] DEBUG -- : REQUESTING PAGE: GET /about with {} and HTTP headers {"HTTP_REFERER"=>"/"}
D, [2013-12-04T20:30:20.314052 #4520] DEBUG -- : REQUESTING PAGE: GET /contact with {} and HTTP headers {"HTTP_REFERER"=>"/about"}
D, [2013-12-04T20:30:20.355055 #4520] DEBUG -- : REQUESTING PAGE: GET / with {} and HTTP headers {"HTTP_REFERER"=>"/contact"}
D, [2013-12-04T20:30:20.449060 #4520] DEBUG -- : REQUESTING PAGE: GET /signup with {} and HTTP headers {"HTTP_REFERER"=>"/"}
D, [2013-12-04T22:44:24.971180 #9092] DEBUG -- : REQUESTING PAGE: GET / with {} and HTTP headers {}
D, [2013-12-04T22:44:25.003182 #9092] DEBUG -- : REQUESTING PAGE: GET /about with {} and HTTP headers {"HTTP_REFERER"=>"/"}
D, [2013-12-04T22:44:25.033184 #9092] DEBUG -- : REQUESTING PAGE: GET /contact with {} and HTTP headers {"HTTP_REFERER"=>"/about"}
D, [2013-12-04T22:44:25.094187 #9092] DEBUG -- : REQUESTING PAGE: GET / with {} and HTTP headers {"HTTP_REFERER"=>"/contact"}
D, [2013-12-04T22:44:25.123189 #9092] DEBUG -- : REQUESTING PAGE: GET /signup with {} and HTTP headers {"HTTP_REFERER"=>"/"}
D, [2013-12-04T22:44:36.344831 #5236] DEBUG -- : REQUESTING PAGE: GET / with {} and HTTP headers {}
D, [2013-12-04T22:44:36.374833 #5236] DEBUG -- : REQUESTING PAGE: GET /about with {} and HTTP headers {"HTTP_REFERER"=>"/"}
D, [2013-12-04T22:44:36.408834 #5236] DEBUG -- : REQUESTING PAGE: GET /contact with {} and HTTP headers {"HTTP_REFERER"=>"/about"}
D, [2013-12-04T22:44:36.437836 #5236] DEBUG -- : REQUESTING PAGE: GET / with {} and HTTP headers {"HTTP_REFERER"=>"/contact"}
D, [2013-12-04T22:44:36.494839 #5236] DEBUG -- : REQUESTING PAGE: GET /signup with {} and HTTP headers {"HTTP_REFERER"=>"/"}
D, [2013-12-04T22:50:24.633752 #9840] DEBUG -- : REQUESTING PAGE: GET / with {} and HTTP headers {}
D, [2013-12-04T22:50:24.677754 #9840] DEBUG -- : REQUESTING PAGE: GET /about with {} and HTTP headers {"HTTP_REFERER"=>"/"}
D, [2013-12-04T22:50:24.714756 #9840] DEBUG -- : REQUESTING PAGE: GET /contact with {} and HTTP headers {"HTTP_REFERER"=>"/about"}
D, [2013-12-04T22:50:24.742758 #9840] DEBUG -- : REQUESTING PAGE: GET / with {} and HTTP headers {"HTTP_REFERER"=>"/contact"}
D, [2013-12-04T22:50:24.770760 #9840] DEBUG -- : REQUESTING PAGE: GET /signup with {} and HTTP headers {"HTTP_REFERER"=>"/"}
D, [2013-12-04T22:57:23.985737 #5800] DEBUG -- : REQUESTING PAGE: GET / with {} and HTTP headers {}
D, [2013-12-04T22:57:24.012739 #5800] DEBUG -- : REQUESTING PAGE: GET /about with {} and HTTP headers {"HTTP_REFERER"=>"/"}
D, [2013-12-04T22:57:24.074742 #5800] DEBUG -- : REQUESTING PAGE: GET /contact with {} and HTTP headers {"HTTP_REFERER"=>"/about"}
D, [2013-12-04T22:57:24.101744 #5800] DEBUG -- : REQUESTING PAGE: GET / with {} and HTTP headers {"HTTP_REFERER"=>"/contact"}
D, [2013-12-04T22:57:24.128746 #5800] DEBUG -- : REQUESTING PAGE: GET /signup with {} and HTTP headers {"HTTP_REFERER"=>"/"}
